[2026-05-18 17:18:36] [INFO] - Starting EC2 automation setup...
[2026-05-18 19:13:51] [INFO] - Starting EC2 automation setup...
[2026-05-18 19:13:55] [WARN] - Key pair 'my-ec2-key-pair' already exists — skipping
[2026-05-18 19:13:55] [INFO] - Launching EC2 instance (Type: t2.micro, AMI: ami-0c02fb55956c7d316)...
[2026-05-18 19:16:02] [INFO] - Starting EC2 automation setup...
[2026-05-18 19:16:06] [WARN] - Key pair 'my-ec2-key-pair' already exists — skipping
[2026-05-18 19:16:06] [INFO] - Launching EC2 instance (Type: t2.micro, AMI: ami-0c13c2049f369d641)...
[2026-05-18 19:22:17] [INFO] - Starting EC2 automation setup in region: eu-west-1...
[2026-05-18 19:22:22] [WARN] - Key pair 'my-ec2-key-pair' already exists — skipping
[2026-05-18 19:22:22] [INFO] - Launching EC2 instance (Type: t2.micro, AMI: ami-0c13c2049f369d641)...
[2026-05-19 07:06:06] [INFO] - Starting EC2 automation setup in region: eu-west-1...
[2026-05-19 07:06:10] [WARN] - Key pair 'my-ec2-key-pair' already exists — skipping
[2026-05-19 07:06:10] [INFO] - Launching EC2 instance (Type: t2.micro, AMI: ami-0c13c2049f369d641)...
[2026-05-19 11:10:15] [INFO] - Starting EC2 automation setup in region: eu-west-1...
[2026-05-19 11:10:23] [WARN] - Key pair 'my-ec2-key-pair' already exists — skipping
[2026-05-19 11:10:23] [INFO] - Launching EC2 instance (Type: t2.micro, AMI: ami-0c13c2049f369d641)...
[2026-05-19 11:10:37] [INFO] - Starting EC2 automation setup in region: eu-west-1...
[2026-05-19 11:10:40] [WARN] - Key pair 'my-ec2-key-pair' already exists — skipping
[2026-05-19 11:10:40] [INFO] - Launching EC2 instance (Type: t2.micro, AMI: ami-0c13c2049f369d641)...
[2026-05-19 13:38:04] [INFO] - Starting EC2 automation setup in region: eu-west-1...
[2026-05-19 13:38:09] [WARN] - Key pair 'my-ec2-key-pair' already exists — skipping
[2026-05-19 13:38:09] [INFO] - Launching EC2 instance (Type: t2.micro, AMI: ami-0c13c2049f369d641)...
[2026-05-19 13:38:49] [INFO] - Starting EC2 automation setup in region: eu-west-1...
[2026-05-19 13:38:52] [WARN] - Key pair 'my-ec2-key-pair' already exists — skipping
[2026-05-19 13:38:52] [INFO] - Launching EC2 instance (Type: t3.micro, AMI: ami-0c13c2049f369d641)...
[2026-05-19 13:38:55] [INFO] - Instance created successfully. Instance ID: i-0dc3ba950da3b9f70
[2026-05-19 13:38:55] [INFO] - Waiting for instance to transition to 'running' state to fetch Public IP...
[2026-05-19 13:39:16] [INFO] - Automation script finished successfully.
[2026-05-19 13:40:21] [INFO] - Starting EC2 automation setup in region: eu-west-1...
[2026-05-19 13:40:24] [WARN] - Key pair 'my-ec2-key-pair' already exists — skipping
[2026-05-19 13:40:24] [INFO] - Launching EC2 instance (Type: t3.micro, AMI: ami-0c13c2049f369d641)...
[2026-05-19 13:40:28] [INFO] - Instance created successfully. Instance ID: i-01bc92720dbf7f8a7
[2026-05-19 13:40:28] [INFO] - Waiting for instance to transition to 'running' state to fetch Public IP...
[2026-05-19 13:40:49] [INFO] - Automation script finished successfully.
[2026-05-20 11:48:14] [INFO] - Starting EC2 automation setup in region: eu-west-1...
[2026-05-20 11:48:30] [WARN] - Key pair 'my-ec2-key-pair' already exists — skipping
[2026-05-20 11:48:30] [INFO] - Launching EC2 instance (Type: t3.micro, AMI: ami-0c13c2049f369d641)...
[2026-05-20 11:48:34] [INFO] - Instance created successfully. Instance ID: i-0322e533c99b88e2d
[2026-05-20 11:48:34] [INFO] - Waiting for instance to transition to 'running' state to fetch Public IP...
[2026-05-20 11:48:55] [INFO] - Automation script finished successfully.
[2026-05-20 11:58:49] [INFO] - Starting EC2 automation setup in region: eu-west-1...
[2026-05-20 11:58:52] [WARN] - Key pair 'my-ec2-key-pair' already exists — skipping
[2026-05-20 11:58:52] [INFO] - Launching EC2 instance (Type: t3.micro, AMI: ami-0c13c2049f369d641)...
[2026-05-20 11:58:56] [INFO] - Instance created successfully. Instance ID: i-0d18b2957fa4058c0
[2026-05-20 11:58:56] [INFO] - Waiting for instance to transition to 'running' state to fetch Public IP...
[2026-05-20 11:59:17] [INFO] - Automation script finished successfully.
[2026-05-20 11:59:52] [INFO] - Starting EC2 automation setup in region: eu-west-1...
[2026-05-25 10:18:27] [INFO] - Starting EC2 automation setup in region: eu-west-1...
[2026-05-25 10:18:33] [WARN] - Key pair 'my-ec2-key-pair' already exists — skipping
[2026-05-25 10:18:33] [INFO] - Launching EC2 instance (Type: t3.micro, AMI: ami-0c13c2049f369d641)...
[2026-05-25 10:18:37] [INFO] - Instance created successfully. Instance ID: i-0dc1537479ca7ac6c
[2026-05-25 10:18:37] [INFO] - Waiting for instance to transition to 'running' state to fetch Public IP...
[2026-05-25 10:18:58] [INFO] - Automation script finished successfully.
[2026-05-25 10:52:57] [INFO] - Starting EC2 automation setup in region: eu-west-1...
[2026-05-25 10:53:00] [WARN] - Key pair 'my-ec2-key-pair' already exists — skipping
[2026-05-25 10:53:00] [INFO] - Launching EC2 instance (Type: t3.micro, AMI: ami-0c13c2049f369d641)...
[2026-05-25 10:53:05] [INFO] - Instance created successfully. Instance ID: i-01d31e247596f5311
[2026-05-25 10:53:05] [INFO] - Waiting for instance to transition to 'running' state to fetch Public IP...
[2026-05-25 10:53:11] [INFO] - Automation script finished successfully.
